[INFO] [1777006591.941868760] [fake_camera]: Fake Camera started
[INFO] [1777006592.069769619] [fake_camera]: Published fake camera image: 320x240, encoding=rgb8
[INFO] [1777006592.178888809] [fake_camera]: Published fake camera image: 320x240, encoding=rgb8
[INFO] [1777006592.248533747] [fake_camera]: Published fake camera image: 320x240, encoding=rgb8
[INFO] [1777006592.348216876] [fake_camera]: Published fake camera image: 320x240, encoding=rgb8
[INFO] [1777006592.450200538] [fake_camera]: Published fake camera image: 320x240, encoding=rgb8
[INFO] [1777006592.550583834] [fake_camera]: Published fake camera image: 320x240, encoding=rgb8
[INFO] [1777006592.650445382] [fake_camera]: Published fake camera image: 320x240, encoding=rgb8
[INFO] [1777006592.750013848] [fake_camera]: Published fake camera image: 320x240, encoding=rgb8
[INFO] [1777006592.850468809] [fake_camera]: Published fake camera image: 320x240, encoding=rgb8
[INFO] [1777006592.950483904] [fake_camera]: Published fake camera image: 320x240, encoding=rgb8
[INFO] [1777006593.046282575] [fake_camera]: Published fake camera image: 320x240, encoding=rgb8
[INFO] [1777006593.154303880] [fake_camera]: Published fake camera image: 320x240, encoding=rgb8
[INFO] [1777006593.246783252] [fake_camera]: Published fake camera image: 320x240, encoding=rgb8
[INFO] [1777006593.372291200] [fake_camera]: Published fake camera image: 320x240, encoding=rgb8
[INFO] [1777006593.454222223] [fake_camera]: Published fake camera image: 320x240, encoding=rgb8
[INFO] [1777006593.546647875] [fake_camera]: Published fake camera image: 320x240, encoding=rgb8
[INFO] [1777006593.723874052] [fake_camera]: Published fake camera image: 320x240, encoding=rgb8
[INFO] [1777006593.765218914] [fake_camera]: Published fake camera image: 320x240, encoding=rgb8
[INFO] [1777006593.850761613] [fake_camera]: Published fake camera image: 320x240, encoding=rgb8
[INFO] [1777006593.977994889] [fake_camera]: Published fake camera image: 320x240, encoding=rgb8
[INFO] [1777006594.047123190] [fake_camera]: Published fake camera image: 320x240, encoding=rgb8
[INFO] [1777006594.154305067] [fake_camera]: Published fake camera image: 320x240, encoding=rgb8
[INFO] [1777006594.245241029] [fake_camera]: Published fake camera image: 320x240, encoding=rgb8
[INFO] [1777006594.351776132] [fake_camera]: Published fake camera image: 320x240, encoding=rgb8
[INFO] [1777006594.450007160] [fake_camera]: Published fake camera image: 320x240, encoding=rgb8
[INFO] [1777006594.550774334] [fake_camera]: Published fake camera image: 320x240, encoding=rgb8
[INFO] [1777006594.647631804] [fake_camera]: Published fake camera image: 320x240, encoding=rgb8
[INFO] [1777006594.750138633] [fake_camera]: Published fake camera image: 320x240, encoding=rgb8
[INFO] [1777006594.849551777] [fake_camera]: Published fake camera image: 320x240, encoding=rgb8
[INFO] [1777006594.944693477] [fake_camera]: Published fake camera image: 320x240, encoding=rgb8
[INFO] [1777006595.050218760] [fake_camera]: Published fake camera image: 320x240, encoding=rgb8
[INFO] [1777006595.144520603] [fake_camera]: Published fake camera image: 320x240, encoding=rgb8
[INFO] [1777006595.247171985] [fake_camera]: Published fake camera image: 320x240, encoding=rgb8
[INFO] [1777006595.348952381] [fake_camera]: Published fake camera image: 320x240, encoding=rgb8
[INFO] [1777006595.456687959] [fake_camera]: Published fake camera image: 320x240, encoding=rgb8
[INFO] [1777006595.571384018] [fake_camera]: Published fake camera image: 320x240, encoding=rgb8
[INFO] [1777006595.648040976] [fake_camera]: Published fake camera image: 320x240, encoding=rgb8
[INFO] [1777006595.868421975] [fake_camera]: Published fake camera image: 320x240, encoding=rgb8
[INFO] [1777006595.920493147] [fake_camera]: Published fake camera image: 320x240, encoding=rgb8
[INFO] [1777006595.964394291] [fake_camera]: Published fake camera image: 320x240, encoding=rgb8
[INFO] [1777006596.045620982] [fake_camera]: Published fake camera image: 320x240, encoding=rgb8
[INFO] [1777006596.167523520] [fake_camera]: Published fake camera image: 320x240, encoding=rgb8
[INFO] [1777006596.252124094] [fake_camera]: Published fake camera image: 320x240, encoding=rgb8
[INFO] [1777006596.378887093] [fake_camera]: Published fake camera image: 320x240, encoding=rgb8
[INFO] [1777006596.451420499] [fake_camera]: Published fake camera image: 320x240, encoding=rgb8
[INFO] [1777006596.550596188] [fake_camera]: Published fake camera image: 320x240, encoding=rgb8
[INFO] [1777006596.650524143] [fake_camera]: Published fake camera image: 320x240, encoding=rgb8
[INFO] [1777006596.753747291] [fake_camera]: Published fake camera image: 320x240, encoding=rgb8
[INFO] [1777006596.850009326] [fake_camera]: Published fake camera image: 320x240, encoding=rgb8
[INFO] [1777006596.953256429] [fake_camera]: Published fake camera image: 320x240, encoding=rgb8
[INFO] [1777006597.048985383] [fake_camera]: Published fake camera image: 320x240, encoding=rgb8
[INFO] [1777006597.156261328] [fake_camera]: Published fake camera image: 320x240, encoding=rgb8
[INFO] [1777006597.249304900] [fake_camera]: Published fake camera image: 320x240, encoding=rgb8
[INFO] [1777006597.346915097] [fake_camera]: Published fake camera image: 320x240, encoding=rgb8
[INFO] [1777006597.448485297] [fake_camera]: Published fake camera image: 320x240, encoding=rgb8
[INFO] [1777006597.547504519] [fake_camera]: Published fake camera image: 320x240, encoding=rgb8
[INFO] [1777006597.646235835] [fake_camera]: Published fake camera image: 320x240, encoding=rgb8
[INFO] [1777006597.749886678] [fake_camera]: Published fake camera image: 320x240, encoding=rgb8
[INFO] [1777006597.853961081] [fake_camera]: Published fake camera image: 320x240, encoding=rgb8
[INFO] [1777006597.953535458] [fake_camera]: Published fake camera image: 320x240, encoding=rgb8
[INFO] [1777006598.051079816] [fake_camera]: Published fake camera image: 320x240, encoding=rgb8
[INFO] [1777006598.151591978] [fake_camera]: Published fake camera image: 320x240, encoding=rgb8
[INFO] [1777006598.249621503] [fake_camera]: Published fake camera image: 320x240, encoding=rgb8
[INFO] [1777006598.366380557] [fake_camera]: Published fake camera image: 320x240, encoding=rgb8
[INFO] [1777006598.445634060] [fake_camera]: Published fake camera image: 320x240, encoding=rgb8
[INFO] [1777006598.568568437] [fake_camera]: Published fake camera image: 320x240, encoding=rgb8
[INFO] [1777006598.645329472] [fake_camera]: Published fake camera image: 320x240, encoding=rgb8
[INFO] [1777006598.749647491] [fake_camera]: Published fake camera image: 320x240, encoding=rgb8
[INFO] [1777006598.848157340] [fake_camera]: Published fake camera image: 320x240, encoding=rgb8
[INFO] [1777006598.947507866] [fake_camera]: Published fake camera image: 320x240, encoding=rgb8
[INFO] [1777006599.046046834] [fake_camera]: Published fake camera image: 320x240, encoding=rgb8
[INFO] [1777006599.151575253] [fake_camera]: Published fake camera image: 320x240, encoding=rgb8
[INFO] [1777006599.246596510] [fake_camera]: Published fake camera image: 320x240, encoding=rgb8
[INFO] [1777006599.369630337] [fake_camera]: Published fake camera image: 320x240, encoding=rgb8
[INFO] [1777006599.446935930] [fake_camera]: Published fake camera image: 320x240, encoding=rgb8
[INFO] [1777006599.548828535] [fake_camera]: Published fake camera image: 320x240, encoding=rgb8
[INFO] [1777006599.649762063] [fake_camera]: Published fake camera image: 320x240, encoding=rgb8
[INFO] [1777006599.752969087] [fake_camera]: Published fake camera image: 320x240, encoding=rgb8
[INFO] [1777006599.852008664] [fake_camera]: Published fake camera image: 320x240, encoding=rgb8
[INFO] [1777006599.947785687] [fake_camera]: Published fake camera image: 320x240, encoding=rgb8
[INFO] [1777006600.045816015] [fake_camera]: Published fake camera image: 320x240, encoding=rgb8
[INFO] [1777006600.146346100] [fake_camera]: Published fake camera image: 320x240, encoding=rgb8
[INFO] [1777006600.246215629] [fake_camera]: Published fake camera image: 320x240, encoding=rgb8
[INFO] [1777006600.346165580] [fake_camera]: Published fake camera image: 320x240, encoding=rgb8
[INFO] [1777006600.491372643] [fake_camera]: Published fake camera image: 320x240, encoding=rgb8
[INFO] [1777006600.548441597] [fake_camera]: Published fake camera image: 320x240, encoding=rgb8
[INFO] [1777006600.649850771] [fake_camera]: Published fake camera image: 320x240, encoding=rgb8
[INFO] [1777006600.750837633] [fake_camera]: Published fake camera image: 320x240, encoding=rgb8
[INFO] [1777006600.874916172] [fake_camera]: Published fake camera image: 320x240, encoding=rgb8
[INFO] [1777006600.975129154] [fake_camera]: Published fake camera image: 320x240, encoding=rgb8
[INFO] [1777006601.066691435] [fake_camera]: Published fake camera image: 320x240, encoding=rgb8
[INFO] [1777006601.175459660] [fake_camera]: Published fake camera image: 320x240, encoding=rgb8
[INFO] [1777006601.356763912] [fake_camera]: Published fake camera image: 320x240, encoding=rgb8
[INFO] [1777006601.396155186] [fake_camera]: Published fake camera image: 320x240, encoding=rgb8
[INFO] [1777006601.472893334] [fake_camera]: Published fake camera image: 320x240, encoding=rgb8
[INFO] [1777006601.568210770] [fake_camera]: Published fake camera image: 320x240, encoding=rgb8
[INFO] [1777006601.644860326] [fake_camera]: Published fake camera image: 320x240, encoding=rgb8
[INFO] [1777006601.756053419] [fake_camera]: Published fake camera image: 320x240, encoding=rgb8
[INFO] [1777006601.845911576] [fake_camera]: Published fake camera image: 320x240, encoding=rgb8
[INFO] [1777006601.947534357] [fake_camera]: Published fake camera image: 320x240, encoding=rgb8
[INFO] [1777006602.045518106] [fake_camera]: Published fake camera image: 320x240, encoding=rgb8
[INFO] [1777006602.155246662] [fake_camera]: Published fake camera image: 320x240, encoding=rgb8
[INFO] [1777006602.253733312] [fake_camera]: Published fake camera image: 320x240, encoding=rgb8
[INFO] [1777006602.374079973] [fake_camera]: Published fake camera image: 320x240, encoding=rgb8
[INFO] [1777006602.455533426] [fake_camera]: Published fake camera image: 320x240, encoding=rgb8
[INFO] [1777006602.557248095] [fake_camera]: Published fake camera image: 320x240, encoding=rgb8
[INFO] [1777006602.655870634] [fake_camera]: Published fake camera image: 320x240, encoding=rgb8
[INFO] [1777006602.756519760] [fake_camera]: Published fake camera image: 320x240, encoding=rgb8
[INFO] [1777006602.857464893] [fake_camera]: Published fake camera image: 320x240, encoding=rgb8
[INFO] [1777006602.962754064] [fake_camera]: Published fake camera image: 320x240, encoding=rgb8
[INFO] [1777006603.065798192] [fake_camera]: Published fake camera image: 320x240, encoding=rgb8
[INFO] [1777006603.158856695] [fake_camera]: Published fake camera image: 320x240, encoding=rgb8
[INFO] [1777006603.252515446] [fake_camera]: Published fake camera image: 320x240, encoding=rgb8
[INFO] [1777006603.357710290] [fake_camera]: Published fake camera image: 320x240, encoding=rgb8
[INFO] [1777006603.466175064] [fake_camera]: Published fake camera image: 320x240, encoding=rgb8
[INFO] [1777006603.553105268] [fake_camera]: Published fake camera image: 320x240, encoding=rgb8
[INFO] [1777006603.665971611] [fake_camera]: Published fake camera image: 320x240, encoding=rgb8
[INFO] [1777006603.761250128] [fake_camera]: Published fake camera image: 320x240, encoding=rgb8
[INFO] [1777006603.866984672] [fake_camera]: Published fake camera image: 320x240, encoding=rgb8
[INFO] [1777006603.951066107] [fake_camera]: Published fake camera image: 320x240, encoding=rgb8
[INFO] [1777006604.050990665] [fake_camera]: Published fake camera image: 320x240, encoding=rgb8
[INFO] [1777006604.152590887] [fake_camera]: Published fake camera image: 320x240, encoding=rgb8
[INFO] [1777006604.252100243] [fake_camera]: Published fake camera image: 320x240, encoding=rgb8
[INFO] [1777006604.363271370] [fake_camera]: Published fake camera image: 320x240, encoding=rgb8
[INFO] [1777006604.451281986] [fake_camera]: Published fake camera image: 320x240, encoding=rgb8
[INFO] [1777006604.563728082] [fake_camera]: Published fake camera image: 320x240, encoding=rgb8
[INFO] [1777006604.662866390] [fake_camera]: Published fake camera image: 320x240, encoding=rgb8
[INFO] [1777006604.757352931] [fake_camera]: Published fake camera image: 320x240, encoding=rgb8
[INFO] [1777006604.879866213] [fake_camera]: Published fake camera image: 320x240, encoding=rgb8
[INFO] [1777006604.951182158] [fake_camera]: Published fake camera image: 320x240, encoding=rgb8
[INFO] [1777006605.050710652] [fake_camera]: Published fake camera image: 320x240, encoding=rgb8
Traceback (most recent call last):
  File "/home/vertin/ros_hhjo/exp_ws/src/hhjo_ros2_tutorial/install/hhjo_ros2_tutorial/lib/hhjo_ros2_tutorial/fake_camera", line 33, in <module>
    sys.exit(load_entry_point('hhjo_ros2_tutorial==0.0.0', 'console_scripts', 'fake_camera')())
  File "/home/vertin/ros_hhjo/exp_ws/src/hhjo_ros2_tutorial/install/hhjo_ros2_tutorial/lib/python3.10/site-packages/hhjo_ros2_tutorial/fake_camera.py", line 48, in main
    rclpy.spin(node)
  File "/opt/ros/humble/local/lib/python3.10/dist-packages/rclpy/__init__.py", line 229, in spin
    executor.spin_once()
  File "/opt/ros/humble/local/lib/python3.10/dist-packages/rclpy/executors.py", line 773, in spin_once
    self._spin_once_impl(timeout_sec)
  File "/opt/ros/humble/local/lib/python3.10/dist-packages/rclpy/executors.py", line 762, in _spin_once_impl
    handler, entity, node = self.wait_for_ready_callbacks(timeout_sec=timeout_sec)
  File "/opt/ros/humble/local/lib/python3.10/dist-packages/rclpy/executors.py", line 745, in wait_for_ready_callbacks
    return next(self._cb_iter)
  File "/opt/ros/humble/local/lib/python3.10/dist-packages/rclpy/executors.py", line 646, in _wait_for_ready_callbacks
    raise ExternalShutdownException()
rclpy.executors.ExternalShutdownException
