[INFO] [1777006592.056128571] [fake_lidar]: LiDAR sample: array('f', [4.491870880126953, 3.3065009117126465, 3.2675414085388184, 2.3835158348083496, 2.343132495880127])
[INFO] [1777006592.127945048] [fake_lidar]: LiDAR sample: array('f', [3.2812905311584473, 3.528215169906616, 0.5352340936660767, 1.154329538345337, 3.59753680229187])
[INFO] [1777006592.227724761] [fake_lidar]: LiDAR sample: array('f', [3.574943780899048, 3.891252279281616, 0.4042452275753021, 3.7455971240997314, 0.29750776290893555])
[INFO] [1777006592.327665060] [fake_lidar]: LiDAR sample: array('f', [1.7692512273788452, 3.017862319946289, 4.9741997718811035, 0.42541107535362244, 0.7228596806526184])
[INFO] [1777006592.427762881] [fake_lidar]: LiDAR sample: array('f', [3.1233580112457275, 2.124851942062378, 4.34034538269043, 0.21827304363250732, 0.7408871650695801])
[INFO] [1777006592.527714185] [fake_lidar]: LiDAR sample: array('f', [0.6809968948364258, 4.632519245147705, 1.508867859840393, 1.6752398014068604, 2.2182846069335938])
[INFO] [1777006592.628020842] [fake_lidar]: LiDAR sample: array('f', [4.372860431671143, 3.216463327407837, 0.289438396692276, 2.983732223510742, 4.136403560638428])
[INFO] [1777006592.727811893] [fake_lidar]: LiDAR sample: array('f', [1.2004107236862183, 2.446340560913086, 1.194102168083191, 1.8410567045211792, 1.9454864263534546])
[INFO] [1777006592.827749258] [fake_lidar]: LiDAR sample: array('f', [3.7998836040496826, 3.996617317199707, 3.619753360748291, 2.4651873111724854, 1.4062674045562744])
[INFO] [1777006592.927928495] [fake_lidar]: LiDAR sample: array('f', [4.663151741027832, 0.3574492931365967, 4.102707386016846, 4.354889869689941, 0.913168728351593])
[INFO] [1777006593.027695999] [fake_lidar]: LiDAR sample: array('f', [1.716995120048523, 1.778332233428955, 0.7753640413284302, 1.5281108617782593, 1.3534345626831055])
[INFO] [1777006593.128187222] [fake_lidar]: LiDAR sample: array('f', [0.4414689838886261, 1.7321242094039917, 3.752161741256714, 4.093936443328857, 2.737910032272339])
[INFO] [1777006593.227755059] [fake_lidar]: LiDAR sample: array('f', [2.278195381164551, 3.9710185527801514, 1.0085619688034058, 2.992508888244629, 3.14083194732666])
[INFO] [1777006593.328549100] [fake_lidar]: LiDAR sample: array('f', [0.7130340337753296, 2.584169864654541, 4.772711277008057, 0.7792606353759766, 1.7603017091751099])
[INFO] [1777006593.427646164] [fake_lidar]: LiDAR sample: array('f', [1.600887417793274, 2.9823780059814453, 3.480401039123535, 2.3075175285339355, 3.8443071842193604])
[INFO] [1777006593.527587995] [fake_lidar]: LiDAR sample: array('f', [2.0861055850982666, 4.206279277801514, 4.34600305557251, 2.386327028274536, 4.249091148376465])
[INFO] [1777006593.628113254] [fake_lidar]: LiDAR sample: array('f', [0.8644740581512451, 1.8116518259048462, 1.445397138595581, 3.5461628437042236, 3.769057512283325])
[INFO] [1777006593.728260188] [fake_lidar]: LiDAR sample: array('f', [4.691838264465332, 4.313449382781982, 3.9893500804901123, 4.3519368171691895, 3.139955520629883])
[INFO] [1777006593.827919218] [fake_lidar]: LiDAR sample: array('f', [3.611180067062378, 4.36564826965332, 4.3705549240112305, 4.36722993850708, 2.169623851776123])
[INFO] [1777006593.928301128] [fake_lidar]: LiDAR sample: array('f', [4.883114337921143, 0.9281898736953735, 3.19401216506958, 4.625504493713379, 0.21478427946567535])
[INFO] [1777006594.027674530] [fake_lidar]: LiDAR sample: array('f', [1.4529218673706055, 1.4050101041793823, 0.8322956562042236, 3.234072208404541, 3.583056688308716])
[INFO] [1777006594.127831492] [fake_lidar]: LiDAR sample: array('f', [3.659684419631958, 2.5989363193511963, 4.370784282684326, 2.2843375205993652, 1.2135403156280518])
[INFO] [1777006594.227638740] [fake_lidar]: LiDAR sample: array('f', [0.290952205657959, 3.5374844074249268, 2.307809591293335, 1.7928489446640015, 3.727367877960205])
[INFO] [1777006594.327796896] [fake_lidar]: LiDAR sample: array('f', [3.7699482440948486, 3.481292486190796, 3.331038236618042, 1.2706971168518066, 1.2297542095184326])
[INFO] [1777006594.427723266] [fake_lidar]: LiDAR sample: array('f', [4.478625774383545, 0.2896946370601654, 2.6470696926116943, 2.3537557125091553, 4.282158851623535])
[INFO] [1777006594.527767640] [fake_lidar]: LiDAR sample: array('f', [4.3778862953186035, 1.4281880855560303, 4.577599048614502, 3.827259063720703, 0.6121562719345093])
[INFO] [1777006594.627698247] [fake_lidar]: LiDAR sample: array('f', [2.9473824501037598, 2.1859705448150635, 3.610541343688965, 4.004243850708008, 0.8618627786636353])
[INFO] [1777006594.727820128] [fake_lidar]: LiDAR sample: array('f', [1.2907805442810059, 3.4722750186920166, 1.4587849378585815, 2.5463757514953613, 3.5039496421813965])
[INFO] [1777006594.827648936] [fake_lidar]: LiDAR sample: array('f', [2.8205628395080566, 3.734250068664551, 4.267162799835205, 4.842456817626953, 1.2643249034881592])
[INFO] [1777006594.927717843] [fake_lidar]: LiDAR sample: array('f', [1.559410810470581, 4.765973091125488, 2.2899928092956543, 4.196364879608154, 0.3731427788734436])
[INFO] [1777006595.027797708] [fake_lidar]: LiDAR sample: array('f', [2.634603977203369, 0.38479742407798767, 4.531160831451416, 2.536489486694336, 0.7617456912994385])
[INFO] [1777006595.127598242] [fake_lidar]: LiDAR sample: array('f', [3.24996018409729, 1.951055645942688, 0.6195448040962219, 4.623370170593262, 4.854371547698975])
[INFO] [1777006595.227613825] [fake_lidar]: LiDAR sample: array('f', [2.984170436859131, 0.6535841226577759, 2.0211873054504395, 1.1594926118850708, 0.3853251039981842])
[INFO] [1777006595.327869741] [fake_lidar]: LiDAR sample: array('f', [0.47555097937583923, 2.107938051223755, 3.256584882736206, 0.4478306770324707, 4.8379058837890625])
[INFO] [1777006595.427944638] [fake_lidar]: LiDAR sample: array('f', [2.1763386726379395, 1.4205344915390015, 0.4931463599205017, 1.4263415336608887, 0.80945885181427])
[INFO] [1777006595.528052772] [fake_lidar]: LiDAR sample: array('f', [4.888018608093262, 1.4440020322799683, 3.156522512435913, 3.010978937149048, 4.680539608001709])
[INFO] [1777006595.627740284] [fake_lidar]: LiDAR sample: array('f', [0.6502648591995239, 2.329944133758545, 0.48299309611320496, 0.8941813111305237, 0.5145693421363831])
[INFO] [1777006595.729501900] [fake_lidar]: LiDAR sample: array('f', [0.560222327709198, 4.6266560554504395, 0.7137548923492432, 0.49191662669181824, 0.24636933207511902])
[INFO] [1777006595.828339588] [fake_lidar]: LiDAR sample: array('f', [3.3232665061950684, 0.34588056802749634, 4.145132541656494, 4.662448883056641, 3.5852386951446533])
[INFO] [1777006595.929658165] [fake_lidar]: LiDAR sample: array('f', [2.4071991443634033, 2.91519832611084, 1.9688173532485962, 4.876002788543701, 1.7413610219955444])
[INFO] [1777006596.027877515] [fake_lidar]: LiDAR sample: array('f', [3.4197463989257812, 4.397647857666016, 3.1486406326293945, 1.8543142080307007, 0.46919840574264526])
[INFO] [1777006596.127961234] [fake_lidar]: LiDAR sample: array('f', [1.8667542934417725, 1.049833059310913, 3.3583598136901855, 4.109055995941162, 4.215992450714111])
[INFO] [1777006596.227898982] [fake_lidar]: LiDAR sample: array('f', [4.820972442626953, 2.3285562992095947, 2.498741388320923, 3.0378453731536865, 3.8546359539031982])
[INFO] [1777006596.329260529] [fake_lidar]: LiDAR sample: array('f', [3.2620954513549805, 0.5407180786132812, 1.1845017671585083, 2.9020094871520996, 2.513742208480835])
[INFO] [1777006596.428195417] [fake_lidar]: LiDAR sample: array('f', [0.42676737904548645, 1.9141449928283691, 2.6825106143951416, 3.793318510055542, 3.243765115737915])
[INFO] [1777006596.528170006] [fake_lidar]: LiDAR sample: array('f', [0.5126807689666748, 0.530697226524353, 2.214477777481079, 4.705474376678467, 2.608346939086914])
[INFO] [1777006596.628181711] [fake_lidar]: LiDAR sample: array('f', [3.2965989112854004, 2.8656117916107178, 2.537961721420288, 2.755540370941162, 1.7858587503433228])
[INFO] [1777006596.728257019] [fake_lidar]: LiDAR sample: array('f', [0.5513354539871216, 4.268168926239014, 4.462493419647217, 1.7672743797302246, 3.7272112369537354])
[INFO] [1777006596.828128418] [fake_lidar]: LiDAR sample: array('f', [2.4489963054656982, 3.536463499069214, 1.0989278554916382, 2.760209798812866, 3.2363364696502686])
[INFO] [1777006596.927780595] [fake_lidar]: LiDAR sample: array('f', [2.139319896697998, 1.074794888496399, 0.8740296959877014, 0.6943103671073914, 2.42394757270813])
[INFO] [1777006597.027727167] [fake_lidar]: LiDAR sample: array('f', [1.3241740465164185, 0.2376408874988556, 1.4595919847488403, 4.8965325355529785, 0.5325366854667664])
[INFO] [1777006597.128050459] [fake_lidar]: LiDAR sample: array('f', [3.951159954071045, 3.5644032955169678, 3.3939666748046875, 0.4747268259525299, 4.070634365081787])
[INFO] [1777006597.228072534] [fake_lidar]: LiDAR sample: array('f', [3.7362139225006104, 1.0924540758132935, 1.6975610256195068, 0.6437667012214661, 3.0084125995635986])
[INFO] [1777006597.328038284] [fake_lidar]: LiDAR sample: array('f', [0.42397624254226685, 3.8445231914520264, 4.804439544677734, 4.326946258544922, 0.382779598236084])
[INFO] [1777006597.428063809] [fake_lidar]: LiDAR sample: array('f', [4.4726243019104, 1.183528184890747, 4.707908630371094, 0.6254770159721375, 2.7733278274536133])
[INFO] [1777006597.528031134] [fake_lidar]: LiDAR sample: array('f', [1.7999500036239624, 0.8311615586280823, 4.915366172790527, 0.49104610085487366, 0.2908411920070648])
[INFO] [1777006597.627988962] [fake_lidar]: LiDAR sample: array('f', [0.9245947599411011, 0.47325485944747925, 1.7492759227752686, 3.6049411296844482, 1.398758888244629])
[INFO] [1777006597.728066746] [fake_lidar]: LiDAR sample: array('f', [0.8565927743911743, 3.93057918548584, 3.1512417793273926, 4.18930196762085, 0.210767462849617])
[INFO] [1777006597.827760753] [fake_lidar]: LiDAR sample: array('f', [2.2291858196258545, 4.6816630363464355, 2.954913854598999, 0.34865856170654297, 3.5236074924468994])
[INFO] [1777006597.928127902] [fake_lidar]: LiDAR sample: array('f', [0.6095125079154968, 3.8331894874572754, 0.20027093589305878, 2.135014533996582, 1.0092250108718872])
[INFO] [1777006598.028100489] [fake_lidar]: LiDAR sample: array('f', [0.8189921975135803, 0.9401408433914185, 1.3428733348846436, 4.724735260009766, 1.9372860193252563])
[INFO] [1777006598.128062029] [fake_lidar]: LiDAR sample: array('f', [1.6474319696426392, 1.3262197971343994, 2.4454822540283203, 0.9254469871520996, 2.04531192779541])
[INFO] [1777006598.228101790] [fake_lidar]: LiDAR sample: array('f', [3.8222761154174805, 4.429612159729004, 0.5581631660461426, 3.2923970222473145, 4.131147861480713])
[INFO] [1777006598.328127180] [fake_lidar]: LiDAR sample: array('f', [4.552004814147949, 2.737732410430908, 4.465443134307861, 0.3206411600112915, 1.2362282276153564])
[INFO] [1777006598.427985282] [fake_lidar]: LiDAR sample: array('f', [0.2587082087993622, 1.4176926612854004, 3.0646345615386963, 2.246932029724121, 3.0267317295074463])
[INFO] [1777006598.529294441] [fake_lidar]: LiDAR sample: array('f', [2.582852602005005, 2.053650379180908, 3.6138482093811035, 1.9919086694717407, 4.416977405548096])
[INFO] [1777006598.628039707] [fake_lidar]: LiDAR sample: array('f', [2.3348991870880127, 2.5391247272491455, 1.7831299304962158, 0.6032220125198364, 0.21386072039604187])
[INFO] [1777006598.728123053] [fake_lidar]: LiDAR sample: array('f', [3.5455989837646484, 3.5672359466552734, 1.8261359930038452, 0.6146525740623474, 2.5526206493377686])
[INFO] [1777006598.828070785] [fake_lidar]: LiDAR sample: array('f', [2.87992262840271, 3.2603259086608887, 3.0097200870513916, 2.0429670810699463, 1.895216703414917])
[INFO] [1777006598.927831549] [fake_lidar]: LiDAR sample: array('f', [2.6836330890655518, 4.498926162719727, 4.1939592361450195, 1.7271475791931152, 4.371984004974365])
[INFO] [1777006599.027724484] [fake_lidar]: LiDAR sample: array('f', [4.678135871887207, 4.35375452041626, 3.03737735748291, 2.2119951248168945, 3.9124393463134766])
[INFO] [1777006599.127839833] [fake_lidar]: LiDAR sample: array('f', [2.7719027996063232, 2.5828466415405273, 2.476947069168091, 2.544569730758667, 1.7604857683181763])
[INFO] [1777006599.227694776] [fake_lidar]: LiDAR sample: array('f', [0.2648433744907379, 2.1604902744293213, 3.226397752761841, 3.931020498275757, 1.9877426624298096])
[INFO] [1777006599.328535758] [fake_lidar]: LiDAR sample: array('f', [2.4524178504943848, 3.2560830116271973, 3.988138437271118, 0.5343226790428162, 0.3938716650009155])
[INFO] [1777006599.427815741] [fake_lidar]: LiDAR sample: array('f', [1.1727463006973267, 1.5095984935760498, 2.526014804840088, 4.035910129547119, 1.9976822137832642])
[INFO] [1777006599.527802013] [fake_lidar]: LiDAR sample: array('f', [3.2193965911865234, 3.0513620376586914, 0.8948605060577393, 2.1274020671844482, 3.9391391277313232])
[INFO] [1777006599.627712342] [fake_lidar]: LiDAR sample: array('f', [2.4389867782592773, 4.4069437980651855, 2.2077879905700684, 0.7564442157745361, 4.163976669311523])
[INFO] [1777006599.727816693] [fake_lidar]: LiDAR sample: array('f', [4.868343353271484, 1.6465309858322144, 4.114745616912842, 0.9394429922103882, 4.474923133850098])
[INFO] [1777006599.827841486] [fake_lidar]: LiDAR sample: array('f', [2.9204437732696533, 1.675134539604187, 0.9238781929016113, 1.0702654123306274, 1.9085012674331665])
[INFO] [1777006599.927932517] [fake_lidar]: LiDAR sample: array('f', [1.5074732303619385, 0.8633820414543152, 0.33958718180656433, 1.8211913108825684, 4.798786640167236])
[INFO] [1777006600.027834070] [fake_lidar]: LiDAR sample: array('f', [1.1632729768753052, 0.905240535736084, 3.1160836219787598, 2.0249600410461426, 4.247016906738281])
[INFO] [1777006600.127864826] [fake_lidar]: LiDAR sample: array('f', [2.315654754638672, 2.111356735229492, 2.4700188636779785, 0.6958689093589783, 0.646591305732727])
[INFO] [1777006600.227703066] [fake_lidar]: LiDAR sample: array('f', [1.2920629978179932, 0.42934274673461914, 3.481001853942871, 4.075488090515137, 0.5369012951850891])
[INFO] [1777006600.327650772] [fake_lidar]: LiDAR sample: array('f', [2.3118605613708496, 3.295588970184326, 0.6419981718063354, 3.1686978340148926, 1.157073974609375])
[INFO] [1777006600.430289177] [fake_lidar]: LiDAR sample: array('f', [1.1056408882141113, 1.1967560052871704, 3.8707971572875977, 0.7538989186286926, 2.543844699859619])
[INFO] [1777006600.527649482] [fake_lidar]: LiDAR sample: array('f', [1.9801963567733765, 2.0373244285583496, 0.674001932144165, 0.577419102191925, 0.5230828523635864])
[INFO] [1777006600.627925042] [fake_lidar]: LiDAR sample: array('f', [4.108938694000244, 0.8242960572242737, 4.2667765617370605, 3.2791593074798584, 2.3042516708374023])
[INFO] [1777006600.727986783] [fake_lidar]: LiDAR sample: array('f', [2.634535312652588, 2.788076400756836, 0.9913589954376221, 3.1223506927490234, 0.8162791132926941])
[INFO] [1777006600.828586644] [fake_lidar]: LiDAR sample: array('f', [0.8825640082359314, 0.6109899878501892, 0.3625374436378479, 3.5259571075439453, 3.528780698776245])
[INFO] [1777006600.928208067] [fake_lidar]: LiDAR sample: array('f', [2.7191519737243652, 2.025404214859009, 2.9119441509246826, 1.0581814050674438, 4.333462238311768])
[INFO] [1777006601.028433751] [fake_lidar]: LiDAR sample: array('f', [1.9457423686981201, 4.971885681152344, 4.829894542694092, 4.509209156036377, 3.238259792327881])
[INFO] [1777006601.128348128] [fake_lidar]: LiDAR sample: array('f', [2.5309336185455322, 4.677568435668945, 3.11006498336792, 2.4594480991363525, 3.193415641784668])
[INFO] [1777006601.231880230] [fake_lidar]: LiDAR sample: array('f', [0.7285953760147095, 1.9819639921188354, 3.907087802886963, 1.5379785299301147, 3.972341299057007])
[INFO] [1777006601.328362572] [fake_lidar]: LiDAR sample: array('f', [4.196631908416748, 3.327897548675537, 2.0637571811676025, 1.4125832319259644, 3.951646327972412])
[INFO] [1777006601.428073642] [fake_lidar]: LiDAR sample: array('f', [1.100783109664917, 2.556684970855713, 3.330686569213867, 1.9881192445755005, 3.1358139514923096])
[INFO] [1777006601.529498551] [fake_lidar]: LiDAR sample: array('f', [3.845454454421997, 4.367796421051025, 0.9416878819465637, 2.0830459594726562, 1.6317263841629028])
[INFO] [1777006601.627812771] [fake_lidar]: LiDAR sample: array('f', [3.0831007957458496, 2.45950984954834, 3.011232376098633, 2.7220876216888428, 0.23340578377246857])
[INFO] [1777006601.727892042] [fake_lidar]: LiDAR sample: array('f', [3.16896653175354, 2.4265451431274414, 2.3789045810699463, 1.0666860342025757, 1.368257999420166])
[INFO] [1777006601.827883260] [fake_lidar]: LiDAR sample: array('f', [2.751511812210083, 4.880223751068115, 2.65621018409729, 3.8873260021209717, 3.392523765563965])
[INFO] [1777006601.927801659] [fake_lidar]: LiDAR sample: array('f', [0.37987419962882996, 0.8364044427871704, 4.928676605224609, 0.7919369339942932, 2.0096676349639893])
[INFO] [1777006602.027819348] [fake_lidar]: LiDAR sample: array('f', [4.701877593994141, 2.371896505355835, 0.430459201335907, 1.411163568496704, 1.2474291324615479])
[INFO] [1777006602.127702262] [fake_lidar]: LiDAR sample: array('f', [0.862089991569519, 1.6195969581604004, 3.0077016353607178, 1.5911954641342163, 2.6815345287323])
[INFO] [1777006602.227895439] [fake_lidar]: LiDAR sample: array('f', [3.4635283946990967, 2.746812343597412, 1.9069100618362427, 1.2096716165542603, 2.563870668411255])
[INFO] [1777006602.327817999] [fake_lidar]: LiDAR sample: array('f', [3.752167224884033, 1.0110316276550293, 2.173895835876465, 2.9387800693511963, 3.994776964187622])
[INFO] [1777006602.427833340] [fake_lidar]: LiDAR sample: array('f', [0.4900204539299011, 2.489302635192871, 3.544609308242798, 1.8661620616912842, 1.8229472637176514])
[INFO] [1777006602.528045405] [fake_lidar]: LiDAR sample: array('f', [1.22185218334198, 1.0906710624694824, 1.2162744998931885, 0.5180357098579407, 2.0527544021606445])
[INFO] [1777006602.628015068] [fake_lidar]: LiDAR sample: array('f', [1.0895806550979614, 4.493605613708496, 3.9905498027801514, 3.681358814239502, 3.9530482292175293])
[INFO] [1777006602.727922337] [fake_lidar]: LiDAR sample: array('f', [3.5214154720306396, 4.708902835845947, 1.6940668821334839, 3.0060935020446777, 1.67496657371521])
[INFO] [1777006602.827920079] [fake_lidar]: LiDAR sample: array('f', [2.9814040660858154, 2.8047609329223633, 3.5085484981536865, 3.106157064437866, 3.0151424407958984])
[INFO] [1777006602.927925608] [fake_lidar]: LiDAR sample: array('f', [2.3046762943267822, 4.334303379058838, 4.171717166900635, 3.216003179550171, 2.4840924739837646])
[INFO] [1777006603.027951259] [fake_lidar]: LiDAR sample: array('f', [1.176735758781433, 3.638364553451538, 2.9068844318389893, 1.094988465309143, 3.4396986961364746])
[INFO] [1777006603.127863063] [fake_lidar]: LiDAR sample: array('f', [1.5269073247909546, 1.1991304159164429, 4.946646213531494, 4.994200229644775, 1.2489373683929443])
[INFO] [1777006603.227922394] [fake_lidar]: LiDAR sample: array('f', [3.0898971557617188, 3.3646748065948486, 4.840848922729492, 4.420156002044678, 3.8408617973327637])
[INFO] [1777006603.327726798] [fake_lidar]: LiDAR sample: array('f', [3.502453327178955, 4.072072982788086, 1.8331915140151978, 3.290865659713745, 2.814560890197754])
[INFO] [1777006603.427766215] [fake_lidar]: LiDAR sample: array('f', [4.712193965911865, 2.2810311317443848, 3.1974847316741943, 4.2722063064575195, 0.7812842726707458])
[INFO] [1777006603.527858199] [fake_lidar]: LiDAR sample: array('f', [1.8612377643585205, 4.95648717880249, 1.9903450012207031, 3.873641014099121, 2.6662545204162598])
[INFO] [1777006603.627880048] [fake_lidar]: LiDAR sample: array('f', [1.955926537513733, 3.902357578277588, 2.8020477294921875, 3.0437188148498535, 4.8986968994140625])
[INFO] [1777006603.728094300] [fake_lidar]: LiDAR sample: array('f', [2.761939287185669, 3.831303119659424, 1.785958170890808, 2.1808784008026123, 0.44316619634628296])
[INFO] [1777006603.828073492] [fake_lidar]: LiDAR sample: array('f', [2.271946907043457, 2.521810531616211, 0.969169557094574, 3.621269464492798, 1.4103477001190186])
[INFO] [1777006603.927906934] [fake_lidar]: LiDAR sample: array('f', [4.6854567527771, 0.5389221906661987, 0.8192588090896606, 1.586513638496399, 0.6712506413459778])
[INFO] [1777006604.027875030] [fake_lidar]: LiDAR sample: array('f', [2.3252837657928467, 1.9544764757156372, 2.431999444961548, 3.6447978019714355, 2.3692033290863037])
[INFO] [1777006604.127919379] [fake_lidar]: LiDAR sample: array('f', [3.668613910675049, 2.8388404846191406, 0.4956371784210205, 2.5816891193389893, 0.7922115325927734])
[INFO] [1777006604.227673447] [fake_lidar]: LiDAR sample: array('f', [3.903322458267212, 0.9906995296478271, 2.835543394088745, 3.862492322921753, 1.9148032665252686])
[INFO] [1777006604.327733907] [fake_lidar]: LiDAR sample: array('f', [1.5833677053451538, 0.9886683821678162, 0.5030121803283691, 1.4731446504592896, 3.061086893081665])
[INFO] [1777006604.428168223] [fake_lidar]: LiDAR sample: array('f', [0.21275515854358673, 3.102163076400757, 2.3412725925445557, 3.611729860305786, 2.2378227710723877])
[INFO] [1777006604.527954326] [fake_lidar]: LiDAR sample: array('f', [2.043475866317749, 4.881467819213867, 1.8820946216583252, 2.678982973098755, 0.7178530097007751])
[INFO] [1777006604.628412608] [fake_lidar]: LiDAR sample: array('f', [2.3025527000427246, 1.0280859470367432, 4.548944473266602, 2.95835280418396, 4.47531795501709])
[INFO] [1777006604.728092474] [fake_lidar]: LiDAR sample: array('f', [2.5861756801605225, 4.2361979484558105, 0.4923628866672516, 3.1321704387664795, 4.155000686645508])
[INFO] [1777006604.829108433] [fake_lidar]: LiDAR sample: array('f', [3.3445677757263184, 0.33614420890808105, 3.4199717044830322, 2.4456233978271484, 1.8814865350723267])
[INFO] [1777006604.927895408] [fake_lidar]: LiDAR sample: array('f', [2.764860153198242, 0.5128775835037231, 2.2952427864074707, 1.3815083503723145, 3.490509510040283])
[INFO] [1777006605.027904342] [fake_lidar]: LiDAR sample: array('f', [0.3981269299983978, 0.5271819829940796, 4.292469024658203, 2.881704330444336, 4.578856468200684])
Traceback (most recent call last):
  File "/home/vertin/ros_hhjo/exp_ws/src/hhjo_ros2_tutorial/install/hhjo_ros2_tutorial/lib/hhjo_ros2_tutorial/fake_lidar", line 33, in <module>
    sys.exit(load_entry_point('hhjo_ros2_tutorial==0.0.0', 'console_scripts', 'fake_lidar')())
  File "/home/vertin/ros_hhjo/exp_ws/src/hhjo_ros2_tutorial/install/hhjo_ros2_tutorial/lib/python3.10/site-packages/hhjo_ros2_tutorial/fake_lidar.py", line 48, in main
    rclpy.spin(node)
  File "/opt/ros/humble/local/lib/python3.10/dist-packages/rclpy/__init__.py", line 229, in spin
    executor.spin_once()
  File "/opt/ros/humble/local/lib/python3.10/dist-packages/rclpy/executors.py", line 773, in spin_once
    self._spin_once_impl(timeout_sec)
  File "/opt/ros/humble/local/lib/python3.10/dist-packages/rclpy/executors.py", line 762, in _spin_once_impl
    handler, entity, node = self.wait_for_ready_callbacks(timeout_sec=timeout_sec)
  File "/opt/ros/humble/local/lib/python3.10/dist-packages/rclpy/executors.py", line 745, in wait_for_ready_callbacks
    return next(self._cb_iter)
  File "/opt/ros/humble/local/lib/python3.10/dist-packages/rclpy/executors.py", line 646, in _wait_for_ready_callbacks
    raise ExternalShutdownException()
rclpy.executors.ExternalShutdownException
