[INFO] [1777011568.940305861] [fake_camera]: Fake Camera started
[INFO] [1777011569.971510770] [fake_camera]: Published camera image: red_box_center_x=130, direction=1
[INFO] [1777011570.957194563] [fake_camera]: Published camera image: red_box_center_x=180, direction=1
[INFO] [1777011571.950282146] [fake_camera]: Published camera image: red_box_center_x=230, direction=1
[INFO] [1777011572.951680107] [fake_camera]: Published camera image: red_box_center_x=280, direction=-1
[INFO] [1777011573.970579891] [fake_camera]: Published camera image: red_box_center_x=230, direction=-1
[INFO] [1777011574.948684968] [fake_camera]: Published camera image: red_box_center_x=180, direction=-1
[INFO] [1777011575.958233249] [fake_camera]: Published camera image: red_box_center_x=130, direction=-1
[INFO] [1777011576.953336190] [fake_camera]: Published camera image: red_box_center_x=80, direction=-1
[INFO] [1777011577.953475105] [fake_camera]: Published camera image: red_box_center_x=50, direction=1
[INFO] [1777011578.983289507] [fake_camera]: Published camera image: red_box_center_x=100, direction=1
[INFO] [1777011579.978135678] [fake_camera]: Published camera image: red_box_center_x=150, direction=1
[INFO] [1777011580.957272666] [fake_camera]: Published camera image: red_box_center_x=200, direction=1
[INFO] [1777011581.956673698] [fake_camera]: Published camera image: red_box_center_x=250, direction=1
[INFO] [1777011582.958241351] [fake_camera]: Published camera image: red_box_center_x=260, direction=-1
[INFO] [1777011583.951572999] [fake_camera]: Published camera image: red_box_center_x=210, direction=-1
[INFO] [1777011584.950972494] [fake_camera]: Published camera image: red_box_center_x=160, direction=-1
[INFO] [1777011585.965460765] [fake_camera]: Published camera image: red_box_center_x=110, direction=-1
[INFO] [1777011586.971940225] [fake_camera]: Published camera image: red_box_center_x=60, direction=-1
[INFO] [1777011587.955328810] [fake_camera]: Published camera image: red_box_center_x=70, direction=1
[INFO] [1777011588.944314143] [fake_camera]: Published camera image: red_box_center_x=120, direction=1
[INFO] [1777011589.951603146] [fake_camera]: Published camera image: red_box_center_x=170, direction=1
[INFO] [1777011590.968518027] [fake_camera]: Published camera image: red_box_center_x=220, direction=1
[INFO] [1777011591.957598967] [fake_camera]: Published camera image: red_box_center_x=270, direction=1
[INFO] [1777011592.949908176] [fake_camera]: Published camera image: red_box_center_x=240, direction=-1
[INFO] [1777011593.943430286] [fake_camera]: Published camera image: red_box_center_x=190, direction=-1
[INFO] [1777011594.947134317] [fake_camera]: Published camera image: red_box_center_x=140, direction=-1
[INFO] [1777011595.944106193] [fake_camera]: Published camera image: red_box_center_x=90, direction=-1
[INFO] [1777011596.955447406] [fake_camera]: Published camera image: red_box_center_x=40, direction=1
[INFO] [1777011597.947959342] [fake_camera]: Published camera image: red_box_center_x=90, direction=1
[INFO] [1777011598.952023246] [fake_camera]: Published camera image: red_box_center_x=140, direction=1
[INFO] [1777011599.958464906] [fake_camera]: Published camera image: red_box_center_x=190, direction=1
[INFO] [1777011600.953710281] [fake_camera]: Published camera image: red_box_center_x=240, direction=1
[INFO] [1777011601.951657251] [fake_camera]: Published camera image: red_box_center_x=270, direction=-1
[INFO] [1777011602.956410907] [fake_camera]: Published camera image: red_box_center_x=220, direction=-1
[INFO] [1777011603.954981428] [fake_camera]: Published camera image: red_box_center_x=170, direction=-1
[INFO] [1777011604.947072059] [fake_camera]: Published camera image: red_box_center_x=120, direction=-1
[INFO] [1777011605.950973808] [fake_camera]: Published camera image: red_box_center_x=70, direction=-1
[INFO] [1777011606.953834211] [fake_camera]: Published camera image: red_box_center_x=60, direction=1
[INFO] [1777011607.955967217] [fake_camera]: Published camera image: red_box_center_x=110, direction=1
[INFO] [1777011608.949930121] [fake_camera]: Published camera image: red_box_center_x=160, direction=1
[INFO] [1777011609.951943764] [fake_camera]: Published camera image: red_box_center_x=210, direction=1
[INFO] [1777011610.946217384] [fake_camera]: Published camera image: red_box_center_x=260, direction=1
[INFO] [1777011611.947291134] [fake_camera]: Published camera image: red_box_center_x=250, direction=-1
[INFO] [1777011612.953560604] [fake_camera]: Published camera image: red_box_center_x=200, direction=-1
[INFO] [1777011613.950272772] [fake_camera]: Published camera image: red_box_center_x=150, direction=-1
[INFO] [1777011614.944967986] [fake_camera]: Published camera image: red_box_center_x=100, direction=-1
[INFO] [1777011615.968906152] [fake_camera]: Published camera image: red_box_center_x=50, direction=-1
[INFO] [1777011616.951111376] [fake_camera]: Published camera image: red_box_center_x=80, direction=1
[INFO] [1777011617.942120859] [fake_camera]: Published camera image: red_box_center_x=130, direction=1
[INFO] [1777011618.953921383] [fake_camera]: Published camera image: red_box_center_x=180, direction=1
[INFO] [1777011619.946161606] [fake_camera]: Published camera image: red_box_center_x=230, direction=1
[INFO] [1777011620.956654623] [fake_camera]: Published camera image: red_box_center_x=280, direction=-1
[INFO] [1777011621.970035680] [fake_camera]: Published camera image: red_box_center_x=230, direction=-1
[INFO] [1777011622.971642730] [fake_camera]: Published camera image: red_box_center_x=180, direction=-1
[INFO] [1777011623.952186669] [fake_camera]: Published camera image: red_box_center_x=130, direction=-1
[INFO] [1777011624.963727866] [fake_camera]: Published camera image: red_box_center_x=80, direction=-1
[INFO] [1777011625.950567764] [fake_camera]: Published camera image: red_box_center_x=50, direction=1
[INFO] [1777011626.976795969] [fake_camera]: Published camera image: red_box_center_x=100, direction=1
[INFO] [1777011627.948929511] [fake_camera]: Published camera image: red_box_center_x=150, direction=1
[INFO] [1777011628.959114685] [fake_camera]: Published camera image: red_box_center_x=200, direction=1
[INFO] [1777011629.946160001] [fake_camera]: Published camera image: red_box_center_x=250, direction=1
[INFO] [1777011630.972605746] [fake_camera]: Published camera image: red_box_center_x=260, direction=-1
[INFO] [1777011631.957170461] [fake_camera]: Published camera image: red_box_center_x=210, direction=-1
[INFO] [1777011632.962753599] [fake_camera]: Published camera image: red_box_center_x=160, direction=-1
[INFO] [1777011633.974346017] [fake_camera]: Published camera image: red_box_center_x=110, direction=-1
[INFO] [1777011634.974918793] [fake_camera]: Published camera image: red_box_center_x=60, direction=-1
[INFO] [1777011635.958611459] [fake_camera]: Published camera image: red_box_center_x=70, direction=1
[INFO] [1777011636.950409628] [fake_camera]: Published camera image: red_box_center_x=120, direction=1
[INFO] [1777011637.953843756] [fake_camera]: Published camera image: red_box_center_x=170, direction=1
[INFO] [1777011638.947093206] [fake_camera]: Published camera image: red_box_center_x=220, direction=1
[INFO] [1777011639.975243280] [fake_camera]: Published camera image: red_box_center_x=270, direction=1
[INFO] [1777011640.974651923] [fake_camera]: Published camera image: red_box_center_x=240, direction=-1
[INFO] [1777011641.976926245] [fake_camera]: Published camera image: red_box_center_x=190, direction=-1
[INFO] [1777011642.951043346] [fake_camera]: Published camera image: red_box_center_x=140, direction=-1
[INFO] [1777011643.955749263] [fake_camera]: Published camera image: red_box_center_x=90, direction=-1
[INFO] [1777011644.955720382] [fake_camera]: Published camera image: red_box_center_x=40, direction=1
[INFO] [1777011645.987274181] [fake_camera]: Published camera image: red_box_center_x=90, direction=1
[INFO] [1777011646.962172831] [fake_camera]: Published camera image: red_box_center_x=140, direction=1
[INFO] [1777011647.951602337] [fake_camera]: Published camera image: red_box_center_x=190, direction=1
[INFO] [1777011648.942935417] [fake_camera]: Published camera image: red_box_center_x=240, direction=1
[INFO] [1777011649.958089457] [fake_camera]: Published camera image: red_box_center_x=270, direction=-1
[INFO] [1777011650.973401137] [fake_camera]: Published camera image: red_box_center_x=220, direction=-1
[INFO] [1777011651.941655845] [fake_camera]: Published camera image: red_box_center_x=170, direction=-1
[INFO] [1777011652.952026637] [fake_camera]: Published camera image: red_box_center_x=120, direction=-1
[INFO] [1777011653.961825652] [fake_camera]: Published camera image: red_box_center_x=70, direction=-1
[INFO] [1777011654.944548516] [fake_camera]: Published camera image: red_box_center_x=60, direction=1
[INFO] [1777011655.974336434] [fake_camera]: Published camera image: red_box_center_x=110, direction=1
[INFO] [1777011656.960560916] [fake_camera]: Published camera image: red_box_center_x=160, direction=1
[INFO] [1777011657.960160107] [fake_camera]: Published camera image: red_box_center_x=210, direction=1
[INFO] [1777011658.953104486] [fake_camera]: Published camera image: red_box_center_x=260, direction=1
[INFO] [1777011659.978700452] [fake_camera]: Published camera image: red_box_center_x=250, direction=-1
[INFO] [1777011660.955064725] [fake_camera]: Published camera image: red_box_center_x=200, direction=-1
[INFO] [1777011661.943878586] [fake_camera]: Published camera image: red_box_center_x=150, direction=-1
[INFO] [1777011662.953268397] [fake_camera]: Published camera image: red_box_center_x=100, direction=-1
[INFO] [1777011663.963881476] [fake_camera]: Published camera image: red_box_center_x=50, direction=-1
[INFO] [1777011664.961405731] [fake_camera]: Published camera image: red_box_center_x=80, direction=1
[INFO] [1777011665.961301878] [fake_camera]: Published camera image: red_box_center_x=130, direction=1
[INFO] [1777011666.951369215] [fake_camera]: Published camera image: red_box_center_x=180, direction=1
[INFO] [1777011667.965337422] [fake_camera]: Published camera image: red_box_center_x=230, direction=1
[INFO] [1777011668.957380986] [fake_camera]: Published camera image: red_box_center_x=280, direction=-1
Traceback (most recent call last):
  File "/home/vertin/ros_hhjo/exp_ws/src/hhjo_ros2_tutorial/install/hhjo_ros2_tutorial/lib/hhjo_ros2_tutorial/fake_camera", line 33, in <module>
    sys.exit(load_entry_point('hhjo_ros2_tutorial==0.0.0', 'console_scripts', 'fake_camera')())
  File "/home/vertin/ros_hhjo/exp_ws/src/hhjo_ros2_tutorial/install/hhjo_ros2_tutorial/lib/python3.10/site-packages/hhjo_ros2_tutorial/fake_camera.py", line 70, in main
    rclpy.spin(node)
  File "/opt/ros/humble/local/lib/python3.10/dist-packages/rclpy/__init__.py", line 229, in spin
    executor.spin_once()
  File "/opt/ros/humble/local/lib/python3.10/dist-packages/rclpy/executors.py", line 773, in spin_once
    self._spin_once_impl(timeout_sec)
  File "/opt/ros/humble/local/lib/python3.10/dist-packages/rclpy/executors.py", line 770, in _spin_once_impl
    raise handler.exception()
  File "/opt/ros/humble/local/lib/python3.10/dist-packages/rclpy/task.py", line 254, in __call__
    self._handler.send(None)
  File "/opt/ros/humble/local/lib/python3.10/dist-packages/rclpy/executors.py", line 463, in handler
    await call_coroutine(entity, arg)
  File "/opt/ros/humble/local/lib/python3.10/dist-packages/rclpy/executors.py", line 371, in _execute_timer
    await await_or_execute(tmr.callback)
  File "/opt/ros/humble/local/lib/python3.10/dist-packages/rclpy/executors.py", line 107, in await_or_execute
    return callback(*args)
  File "/home/vertin/ros_hhjo/exp_ws/src/hhjo_ros2_tutorial/install/hhjo_ros2_tutorial/lib/python3.10/site-packages/hhjo_ros2_tutorial/fake_camera.py", line 57, in publish_image
    self.publisher.publish(msg)
  File "/opt/ros/humble/local/lib/python3.10/dist-packages/rclpy/publisher.py", line 70, in publish
    self.__publisher.publish(msg)
rclpy._rclpy_pybind11.RCLError: Failed to publish: publisher's context is invalid, at ./src/rcl/publisher.c:389
